C51 COMPILER V9.54   GY30                                                                  05/20/2023 13:59:48 PAGE 1   


C51 COMPILER V9.54, COMPILATION OF MODULE GY30
OBJECT MODULE PLACED IN .\Objects\GY30.obj
COMPILER INVOKED BY: D:\Keil5\C51\BIN\C51.EXE GY30.c OPTIMIZE(8,SPEED) BROWSE DEBUG OBJECTEXTEND PRINT(.\Listings\GY30.l
                    -st) OBJECT(.\Objects\GY30.obj)

line level    source

   1          #include <REGX52.H>
   2          //#include  <math.h>      
   3          //#include  <stdio.h>           
   4          //#include  <INTRINS.H>
   5          #include "Delay.h"
   6          #include "LCD1602.h"
   7          
   8          #define   uchar unsigned char
   9          #define   uint unsigned int     
  10          #define   SlaveAddress   0x46 //定义器件在IIC总线中的从地址,根据ALT  ADDRESS地址引脚不同修改
  11          
  12          sbit      SCL=P1^2;      //IIC时钟引脚定义
  13          sbit      SDA=P1^1;      //IIC数据引脚定义
  14          
  15          int dis_data;
  16          unsigned char BUF[8]; 
  17          int Lx;
  18          //void conversion(uint temp_data)  //  数据转换出 个，十，百，千，万
  19          //{  
  20          //    wan=temp_data/10000+0x30 ;
  21          //    temp_data=temp_data%10000;   //取余运算
  22          //      qian=temp_data/1000+0x30 ;
  23          //    temp_data=temp_data%1000;    //取余运算
  24          //    bai=temp_data/100+0x30   ;
  25          //    temp_data=temp_data%100;     //取余运算
  26          //    shi=temp_data/10+0x30    ;
  27          //    temp_data=temp_data%10;      //取余运算
  28          //    ge=temp_data+0x30;        
  29          //}
  30          
  31          void BH1750_Start()
  32          {
  33   1          SDA = 1;                    //拉高数据线
  34   1          SCL = 1;                    //拉高时钟线
  35   1          Delay5us();                 //延时
  36   1          SDA = 0;                    //产生下降沿
  37   1          Delay5us();                 //延时
  38   1          SCL = 0;                    //拉低时钟线
  39   1      }
  40          
  41          void BH1750_Stop()
  42          {
  43   1          SDA = 0;                    //拉低数据线
  44   1          SCL = 1;                    //拉高时钟线
  45   1          Delay5us();                 //延时
  46   1          SDA = 1;                    //产生上升沿
  47   1          Delay5us();                 //延时
  48   1      }
  49          
  50          void BH1750_SendACK(bit ack)
  51          {
  52   1          SDA = ack;                  //写应答信号
  53   1          SCL = 1;                    //拉高时钟线
  54   1          Delay5us();                 //延时
C51 COMPILER V9.54   GY30                                                                  05/20/2023 13:59:48 PAGE 2   

  55   1          SCL = 0;                    //拉低时钟线
  56   1          Delay5us();                 //延时
  57   1      }
  58          
  59          bit BH1750_RecvACK()
  60          {
  61   1          SCL = 1;                    //拉高时钟线
  62   1          Delay5us();                 //延时
  63   1          CY = SDA;                   //读应答信号
  64   1          SCL = 0;                    //拉低时钟线
  65   1          Delay5us();                 //延时
  66   1      
  67   1          return CY;
  68   1      }
  69          
  70          void BH1750_SendByte(unsigned char dat)
  71          {
  72   1          unsigned char i;
  73   1      
  74   1          for (i=0; i<8; i++)         //8位计数器
  75   1          {
  76   2              dat <<= 1;              //移出数据的最高位
  77   2              SDA = CY;               //送数据口
  78   2              SCL = 1;                //拉高时钟线
  79   2              Delay5us();             //延时
  80   2              SCL = 0;                //拉低时钟线
  81   2              Delay5us();             //延时
  82   2          }
  83   1          BH1750_RecvACK();
  84   1      }
  85          
  86          unsigned char BH1750_RecvByte()
  87          {
  88   1          unsigned char i;
  89   1          unsigned char dat = 0;
  90   1      
  91   1          SDA = 1;                    //使能内部上拉,准备读取数据,
  92   1          for (i=0; i<8; i++)         //8位计数器
  93   1          {
  94   2              dat <<= 1;
  95   2              SCL = 1;                //拉高时钟线
  96   2              Delay5us();             //延时
  97   2              dat |= SDA;             //读数据               
  98   2              SCL = 0;                //拉低时钟线
  99   2              Delay5us();             //延时
 100   2          }
 101   1          return dat;
 102   1      }
 103          
 104          void Single_Write_BH1750(uchar REG_Address)
 105          {
 106   1          BH1750_Start();                  //起始信号
 107   1          BH1750_SendByte(SlaveAddress);   //发送设备地址+写信号
 108   1          BH1750_SendByte(REG_Address);    //内部寄存器地址，
 109   1        //  BH1750_SendByte(REG_data);       //内部寄存器数据，
 110   1          BH1750_Stop();                   //发送停止信号
 111   1      }
 112          
 113          void Multiple_Read_BH1750(void)
 114          {   uchar i;    
 115   1          BH1750_Start();                          //起始信号
 116   1          BH1750_SendByte(SlaveAddress+1);         //发送设备地址+读信号
C51 COMPILER V9.54   GY30                                                                  05/20/2023 13:59:48 PAGE 3   

 117   1              
 118   1               for (i=0; i<3; i++)                      //连续读取2个地址数据，存储中BUF
 119   1          {
 120   2              BUF[i] = BH1750_RecvByte();          //BUF[0]存储0x32地址中的数据
 121   2              if (i == 3)
 122   2              {
 123   3      
 124   3                 BH1750_SendACK(1);                //最后一个数据需要回NOACK
 125   3              }
 126   2              else
 127   2              {               
 128   3                BH1750_SendACK(0);                //回应ACK
 129   3             }
 130   2         }
 131   1      
 132   1          BH1750_Stop();                          //停止信号
 133   1          Delay(5);
 134   1      }
 135          
 136          void Init_BH1750()
 137          {
 138   1         Single_Write_BH1750(0x01);  
 139   1      
 140   1      }
 141          
 142          void Show_Light()
 143          {
 144   1          Single_Write_BH1750(0x01);   // power on
 145   1          Single_Write_BH1750(0x10);   // H- resolution mode
 146   1          Delay(180);              //延时180ms
 147   1          Multiple_Read_BH1750();       //连续读出数据，存储在BUF中
 148   1          dis_data=BUF[0];
 149   1          dis_data=(dis_data<<8)+BUF[1];//合成数据，即光照数据    
 150   1          Lx=dis_data/1.2;
 151   1          
 152   1          LCD_ShowString(1,1,"Light:");
 153   1          LCD_ShowString(1,12,"Lx");
 154   1          LCD_ShowNum(1,7,Lx,5);
 155   1      }
 156          
 157          void Judge_Lx(void)
 158          {
 159   1          if(Lx<100){P2_0=0;P2_1=1;}
 160   1          else if(Lx>8000){P2_0=1;P2_1=0;}
 161   1          else{P2_0=1;P2_1=1;}
 162   1      }


MODULE INFORMATION:   STATIC OVERLAYABLE
   CODE SIZE        =    352    ----
   CONSTANT SIZE    =     10    ----
   XDATA SIZE       =   ----    ----
   PDATA SIZE       =   ----    ----
   DATA SIZE        =     12       6
   IDATA SIZE       =   ----    ----
   BIT SIZE         =   ----       1
END OF MODULE INFORMATION.


C51 COMPILATION COMPLETE.  0 WARNING(S),  0 ERROR(S)
