C51 COMPILER V9.54   MAIN                                                                  05/20/2023 13:59:48 PAGE 1   


C51 COMPILER V9.54, COMPILATION OF MODULE MAIN
OBJECT MODULE PLACED IN .\Objects\main.obj
COMPILER INVOKED BY: D:\Keil5\C51\BIN\C51.EXE main.c OPTIMIZE(8,SPEED) BROWSE DEBUG OBJECTEXTEND PRINT(.\Listings\main.l
                    -st) OBJECT(.\Objects\main.obj)

line level    source

   1          #include <REGX52.H>
   2          #include "LCD1602.h"
   3          #include "Delay.h"
   4          #include "GY30.h"
   5          #include "Tem.h"
   6          #include "Timer0.h"
   7          
   8          void main()
   9          {
  10   1          LCD_Init();
  11   1          Delay(100);     //—” ±100ms 
  12   1          Init_BH1750();       //≥ı ºªØBH1750
  13   1      
  14   1          while(1)
  15   1               {
  16   2              Show_Light();
  17   2              Show_Tem();
  18   2              Judge_RH();
  19   2              Judge_Tem();
  20   2              Judge_Lx();
  21   2               }               
  22   1      }


MODULE INFORMATION:   STATIC OVERLAYABLE
   CODE SIZE        =     30    ----
   CONSTANT SIZE    =   ----    ----
   XDATA SIZE       =   ----    ----
   PDATA SIZE       =   ----    ----
   DATA SIZE        =   ----    ----
   IDATA SIZE       =   ----    ----
   BIT SIZE         =   ----    ----
END OF MODULE INFORMATION.


C51 COMPILATION COMPLETE.  0 WARNING(S),  0 ERROR(S)
