C51 COMPILER V9.54   TEM                                                                   05/20/2023 13:59:48 PAGE 1   


C51 COMPILER V9.54, COMPILATION OF MODULE TEM
OBJECT MODULE PLACED IN .\Objects\Tem.obj
COMPILER INVOKED BY: D:\Keil5\C51\BIN\C51.EXE Tem.c OPTIMIZE(8,SPEED) BROWSE DEBUG OBJECTEXTEND PRINT(.\Listings\Tem.lst
                    -) OBJECT(.\Objects\Tem.obj)

line level    source

   1          #include <REGX52.H>
   2          #include "Delay.h"
   3          #include "LCD1602.h"
   4          
   5          unsigned char FLAG,temp,comdata;
   6          unsigned char RH_data_H_temp,RH_data_L_temp,T_data_H_temp,T_data_L_temp,checkdata_temp;
   7          unsigned char RH_data_H,RH_data_L,T_data_H,T_data_L,checkdata;
   8          sbit OneWire=P1^0;
   9          void COM(void)
  10          {
  11   1          unsigned char i; 
  12   1          
  13   1          for(i=0;i<8;i++)       
  14   1          {
  15   2              FLAG=2; 
  16   2              while((!OneWire)&&FLAG++);
  17   2              Delay_10us();
  18   2              Delay_10us();
  19   2              Delay_10us();
  20   2              temp=0;
  21   2              if(OneWire)temp=1;
  22   2              FLAG=2;
  23   2              while((OneWire)&&FLAG++);//超时则跳出for循环    
  24   2                        
  25   2              if(FLAG==1)break;//判断数据位是0还是1,如果高电平高过预定0高电平值则数据位为 1                     
  26   2               
  27   2              comdata<<=1;
  28   2              comdata|=temp;        
  29   2           }
  30   1      }
  31          
  32          void Get_Tem(void)
  33          {
  34   1         //主机拉低18ms 
  35   1         OneWire=0;
  36   1         Delay(20);
  37   1         OneWire=1;
  38   1         //总线由上拉电阻拉高 主机延时20us
  39   1         Delay_10us();
  40   1         Delay_10us();
  41   1         Delay_10us();
  42   1         Delay_10us();
  43   1         //主机设为输入 判断从机响应信号 
  44   1         OneWire=1;
  45   1         //判断从机是否有低电平响应信号 如不响应则跳出，响应则向下运行          
  46   1         if(!OneWire)          //T !    
  47   1         {
  48   2             FLAG=2;
  49   2             //判断从机是否发出 80us 的低电平响应信号是否结束  
  50   2             while((!OneWire)&&FLAG++);
  51   2             FLAG=2;
  52   2             //判断从机是否发出 80us 的高电平，如发出则进入数据接收状态
  53   2             while((OneWire)&&FLAG++);
  54   2             //数据接收状态            
C51 COMPILER V9.54   TEM                                                                   05/20/2023 13:59:48 PAGE 2   

  55   2             COM();
  56   2             RH_data_H_temp = comdata;
  57   2             COM();
  58   2             RH_data_L_temp = comdata;
  59   2             COM();
  60   2             T_data_H_temp = comdata;
  61   2             COM();
  62   2             T_data_L_temp = comdata;
  63   2             COM();
  64   2             checkdata_temp = comdata;
  65   2             OneWire=1;
  66   2           
  67   2             //数据校验      
  68   2             temp=(T_data_H_temp+T_data_L_temp+RH_data_H_temp+RH_data_L_temp);
  69   2             if(temp==checkdata_temp)
  70   2             {
  71   3                RH_data_H = RH_data_H_temp;
  72   3                RH_data_L = RH_data_L_temp;
  73   3                T_data_H = T_data_H_temp;
  74   3                T_data_L = T_data_L_temp;
  75   3                checkdata = checkdata_temp;
  76   3             }
  77   2         }
  78   1      
  79   1      }
  80          
  81          void Show_Tem(void)
  82          {
  83   1          Get_Tem();
  84   1          LCD_ShowString(2,1,"T:");
  85   1          LCD_ShowNum(2,3,T_data_H,2);
  86   1          LCD_ShowNum(2,6,T_data_L,1);
  87   1          LCD_ShowString(2,5,".");
  88   1          LCD_ShowString(2,7,"C");
  89   1          LCD_ShowString(2,9,"H:");
  90   1          LCD_ShowNum(2,11,RH_data_H,2);
  91   1          LCD_ShowNum(2,14,RH_data_L,1);
  92   1          LCD_ShowString(2,13,".");
  93   1          LCD_ShowString(2,15,"%");
  94   1      }
  95          
  96          void Judge_Tem(void)
  97          {
  98   1          unsigned char temp;
  99   1          temp = T_data_H+T_data_L;  
 100   1          
 101   1          if(temp<12.5){P2_2=0;P2_3=1;}
 102   1          else if(temp>30){P2_2=1;P2_3=0;}
 103   1          else{P2_2=1;P2_3=1;}
 104   1      }
 105          
 106          void Judge_RH(void)
 107          {
 108   1          unsigned char temp;
 109   1          temp = RH_data_H+RH_data_L;
 110   1          
 111   1          if(temp<20){P2_4=0;P3_7=1;}
 112   1          else if(temp>80){P2_4=1;P3_7
 113   2          =0;}
 114   1          else{P2_4=1;P3_7=1;}
 115   1      }

C51 COMPILER V9.54   TEM                                                                   05/20/2023 13:59:48 PAGE 3   


MODULE INFORMATION:   STATIC OVERLAYABLE
   CODE SIZE        =    407    ----
   CONSTANT SIZE    =     12    ----
   XDATA SIZE       =   ----    ----
   PDATA SIZE       =   ----    ----
   DATA SIZE        =     13       2
   IDATA SIZE       =   ----    ----
   BIT SIZE         =   ----    ----
END OF MODULE INFORMATION.


C51 COMPILATION COMPLETE.  0 WARNING(S),  0 ERROR(S)
